<?xml version="1.0" encoding="UTF-8"?>
<!-- Generated by org.testng.reporters.JUnitReportReporter -->
<testsuite skipped="0" hostname="1cb282eff5f2" name="com.searchmodule.tests.SearchTest" tests="2" failures="0" timestamp="03 Jun 2019 20:43:20 GMT" time="11.306" errors="0">
  <testcase name="search" time="5.528" classname="com.searchmodule.tests.SearchTest"/>
  <testcase name="search" time="5.778" classname="com.searchmodule.tests.SearchTest"/>
</testsuite> <!-- com.searchmodule.tests.SearchTest -->
