<?xml version="1.0" encoding="UTF-8"?>
<!-- Generated by org.testng.reporters.JUnitReportReporter -->
<testsuite skipped="0" hostname="5b3775028ab1" name="com.searchmodule.tests.SearchTest" tests="2" failures="0" timestamp="31 May 2019 18:46:10 GMT" time="13.791" errors="0">
  <testcase name="search" time="5.336" classname="com.searchmodule.tests.SearchTest"/>
  <testcase name="search" time="8.455" classname="com.searchmodule.tests.SearchTest"/>
</testsuite> <!-- com.searchmodule.tests.SearchTest -->
